<?xml version="1.0" encoding="UTF-8"?>
<!-- Generated by org.testng.reporters.JUnitReportReporter -->
<testsuite hostname="Kostas" name="kostas.drakonakis.apache.queue.server.SenderNGTest" tests="1" failures="0" timestamp="29 Nov 2015 08:26:31 GMT" time="0.348" errors="0">
  <testcase name="testMain" time="0.348" classname="kostas.drakonakis.apache.queue.server.SenderNGTest"/>
</testsuite> <!-- kostas.drakonakis.apache.queue.server.SenderNGTest -->
